<?xml version="1.0" encoding="UTF-8"?>
<!-- Generated by org.testng.reporters.JUnitXMLReporter -->
<testsuite ignored="0" hostname="DESKTOP-IMPERIUS" failures="0" tests="4" name="Faculty_2" time="0.008" errors="0" timestamp="2024-06-18T14:56:43 CEST">
  <testcase classname="Faculty_Placement" name="PlacementBrokenlinks" time="0.001"/>
  <testcase classname="Faculty_Placement" name="PlacementLogin" time="0.001"/>
  <testcase classname="Faculty_Placement" name="FacultyLogin" time="0.0"/>
  <testcase classname="Faculty_Placement" name="FacultyBrokenlinks" time="0.001"/>
</testsuite> <!-- Faculty_2 -->
