<?xml version="1.0" encoding="UTF-8"?>
<!-- Generated by org.testng.reporters.JUnitXMLReporter -->
<testsuite ignored="0" hostname="DESKTOP-IMPERIUS" failures="0" tests="4" name="Faculty" time="0.032" errors="0" timestamp="2024-06-18T17:28:09 CEST">
  <testcase classname="Faculty_Placement" name="PlacementLogin" time="0.002"/>
  <testcase classname="Faculty_Placement" name="PlacementBrokenlinks" time="0.001"/>
  <testcase classname="Faculty_Placement" name="FacultyLogin" time="0.003"/>
  <testcase classname="Faculty_Placement" name="FacultyBrokenlinks" time="0.002"/>
</testsuite> <!-- Faculty -->
