<?xml version="1.0" encoding="UTF-8"?>
<!-- Generated by org.testng.reporters.JUnitXMLReporter -->
<testsuite ignored="2" hostname="DESKTOP-IMPERIUS" failures="0" tests="2" name="Placement" time="0.007" errors="0" timestamp="2024-06-18T17:28:09 CEST">
  <testcase classname="Faculty_Placement" name="PlacementLogin" time="0.001"/>
  <testcase classname="Faculty_Placement" name="PlacementBrokenlinks" time="0.002"/>
  <testcase classname="Faculty_Placement" name="FacultyLogin" time="0.0">
    <ignored/>
  </testcase> <!-- FacultyLogin -->
  <testcase classname="Faculty_Placement" name="FacultyBrokenlinks" time="0.0">
    <ignored/>
  </testcase> <!-- FacultyBrokenlinks -->
</testsuite> <!-- Placement -->
