<?xml version="1.0" encoding="UTF-8"?>
<!-- Generated by org.testng.reporters.JUnitXMLReporter -->
<testsuite ignored="0" hostname="DESKTOP-IMPERIUS" failures="0" tests="6" name="Test" time="0.026" errors="0" timestamp="2024-06-18T15:30:37 CEST">
  <testcase classname="Admission" name="AdmissionLogin" time="0.001"/>
  <testcase classname="Admission" name="AdmissionBrokenlinks" time="0.001"/>
  <testcase classname="Faculty_Placement" name="PlacementLogin" time="0.015"/>
  <testcase classname="Faculty_Placement" name="PlacementBrokenlinks" time="0.0"/>
  <testcase classname="Faculty_Placement" name="FacultyLogin" time="0.0"/>
  <testcase classname="Faculty_Placement" name="FacultyBrokenlinks" time="0.001"/>
</testsuite> <!-- Test -->
