<?xml version="1.0" encoding="UTF-8"?>
<!-- Generated by org.testng.reporters.JUnitXMLReporter -->
<testsuite ignored="2" hostname="DESKTOP-IMPERIUS" failures="0" tests="4" name="Test_2" time="0.016" errors="0" timestamp="2024-06-18T17:28:09 CEST">
  <testcase classname="Admission" name="AdmissionLogin" time="0.001"/>
  <testcase classname="Faculty_Placement" name="PlacementLogin" time="0.001"/>
  <testcase classname="Faculty_Placement" name="PlacementBrokenlinks" time="0.001"/>
  <testcase classname="Faculty_Placement" name="FacultyLogin" time="0.001"/>
  <testcase classname="Admission" name="AdmissionBrokenlinks" time="0.0">
    <ignored/>
  </testcase> <!-- AdmissionBrokenlinks -->
  <testcase classname="Faculty_Placement" name="FacultyBrokenlinks" time="0.0">
    <ignored/>
  </testcase> <!-- FacultyBrokenlinks -->
</testsuite> <!-- Test_2 -->
